{"/home/gabryelle/Documentos/tcc/frontend/src/ducks/ApplicationDucks/PasswordReset.js": {"path":"/home/gabryelle/Documentos/tcc/frontend/src/ducks/ApplicationDucks/PasswordReset.js","statementMap":{"0":{"start":{"line":1,"column":49},"end":{"line":1,"column":97}},"1":{"start":{"line":2,"column":42},"end":{"line":2,"column":83}},"2":{"start":{"line":3,"column":35},"end":{"line":3,"column":69}},"3":{"start":{"line":4,"column":38},"end":{"line":4,"column":75}},"4":{"start":{"line":5,"column":37},"end":{"line":5,"column":73}},"5":{"start":{"line":7,"column":38},"end":{"line":9,"column":2}},"6":{"start":{"line":7,"column":45},"end":{"line":9,"column":1}},"7":{"start":{"line":11,"column":39},"end":{"line":13,"column":2}},"8":{"start":{"line":11,"column":46},"end":{"line":13,"column":1}},"9":{"start":{"line":15,"column":33},"end":{"line":17,"column":2}},"10":{"start":{"line":15,"column":40},"end":{"line":17,"column":1}},"11":{"start":{"line":19,"column":36},"end":{"line":21,"column":2}},"12":{"start":{"line":19,"column":43},"end":{"line":21,"column":1}},"13":{"start":{"line":23,"column":35},"end":{"line":25,"column":2}},"14":{"start":{"line":23,"column":42},"end":{"line":25,"column":1}},"15":{"start":{"line":27,"column":40},"end":{"line":36,"column":2}},"16":{"start":{"line":27,"column":52},"end":{"line":36,"column":1}},"17":{"start":{"line":38,"column":41},"end":{"line":47,"column":2}},"18":{"start":{"line":38,"column":53},"end":{"line":47,"column":1}},"19":{"start":{"line":49,"column":35},"end":{"line":54,"column":2}},"20":{"start":{"line":49,"column":47},"end":{"line":54,"column":1}},"21":{"start":{"line":56,"column":38},"end":{"line":61,"column":2}},"22":{"start":{"line":56,"column":50},"end":{"line":61,"column":1}},"23":{"start":{"line":63,"column":37},"end":{"line":68,"column":2}},"24":{"start":{"line":63,"column":49},"end":{"line":68,"column":1}}},"fnMap":{"0":{"name":"(anonymous_0)","decl":{"start":{"line":7,"column":38},"end":{"line":7,"column":39}},"loc":{"start":{"line":7,"column":45},"end":{"line":9,"column":1}},"line":7},"1":{"name":"(anonymous_1)","decl":{"start":{"line":11,"column":39},"end":{"line":11,"column":40}},"loc":{"start":{"line":11,"column":46},"end":{"line":13,"column":1}},"line":11},"2":{"name":"(anonymous_2)","decl":{"start":{"line":15,"column":33},"end":{"line":15,"column":34}},"loc":{"start":{"line":15,"column":40},"end":{"line":17,"column":1}},"line":15},"3":{"name":"(anonymous_3)","decl":{"start":{"line":19,"column":36},"end":{"line":19,"column":37}},"loc":{"start":{"line":19,"column":43},"end":{"line":21,"column":1}},"line":19},"4":{"name":"(anonymous_4)","decl":{"start":{"line":23,"column":35},"end":{"line":23,"column":36}},"loc":{"start":{"line":23,"column":42},"end":{"line":25,"column":1}},"line":23},"5":{"name":"(anonymous_5)","decl":{"start":{"line":27,"column":40},"end":{"line":27,"column":41}},"loc":{"start":{"line":27,"column":52},"end":{"line":36,"column":1}},"line":27},"6":{"name":"(anonymous_6)","decl":{"start":{"line":38,"column":41},"end":{"line":38,"column":42}},"loc":{"start":{"line":38,"column":53},"end":{"line":47,"column":1}},"line":38},"7":{"name":"(anonymous_7)","decl":{"start":{"line":49,"column":35},"end":{"line":49,"column":36}},"loc":{"start":{"line":49,"column":47},"end":{"line":54,"column":1}},"line":49},"8":{"name":"(anonymous_8)","decl":{"start":{"line":56,"column":38},"end":{"line":56,"column":39}},"loc":{"start":{"line":56,"column":50},"end":{"line":61,"column":1}},"line":56},"9":{"name":"(anonymous_9)","decl":{"start":{"line":63,"column":37},"end":{"line":63,"column":38}},"loc":{"start":{"line":63,"column":49},"end":{"line":68,"column":1}},"line":63}},"branchMap":{},"s":{"0":1,"1":1,"2":1,"3":1,"4":1,"5":1,"6":1,"7":1,"8":1,"9":1,"10":1,"11":1,"12":1,"13":1,"14":1,"15":1,"16":0,"17":1,"18":0,"19":1,"20":0,"21":1,"22":0,"23":1,"24":0},"f":{"0":1,"1":1,"2":1,"3":1,"4":1,"5":0,"6":0,"7":0,"8":0,"9":0},"b":{},"_coverageSchema":"1a1c01bbd47fc00a2c39e90264f33305004495a9","hash":"a752574e8db47418e6a6c426752589ecca95382b"}
}
